18:00:33.900 [TestNG-tests-2] INFO  testCases.TC_001_userInfo - ***Printing the description of the top five news ***
18:00:46.865 [TestNG-tests-1] INFO  testCases.TC_001_userInfo - ***opening a new tab***
18:00:46.905 [TestNG-tests-1] INFO  testCases.TC_001_userInfo - ***switching to new tab***
18:00:46.917 [TestNG-tests-1] INFO  testCases.TC_001_userInfo - ***navigating to new URL***
18:01:04.023 [TestNG-tests-2] INFO  testCases.TC_001_userInfo - ***Testcase 4 is ended***
18:03:46.929 [TestNG-tests-1] ERROR testCases.TC_001_userInfo - test case 4 gets failed
18:05:07.350 [TestNG-tests-1] INFO  testCases.TC_001_userInfo - ***Test case 1 is started***
18:05:08.717 [TestNG-tests-2] INFO  testCases.TC_001_userInfo - ***Test case 1 is started***
18:05:12.543 [TestNG-tests-1] INFO  testCases.TC_001_userInfo - ***user icon is clicked***
18:05:13.879 [TestNG-tests-2] INFO  testCases.TC_001_userInfo - ***user icon is clicked***
18:05:15.558 [TestNG-tests-1] INFO  testCases.TC_001_userInfo - ***getting user name***
18:05:16.895 [TestNG-tests-2] INFO  testCases.TC_001_userInfo - ***getting user name***
18:05:21.661 [TestNG-tests-1] INFO  testCases.TC_001_userInfo - ***getting user mail***
18:05:21.697 [TestNG-tests-1] INFO  testCases.TC_001_userInfo - ***validating user mail and username***
18:05:23.669 [TestNG-tests-2] INFO  testCases.TC_001_userInfo - ***getting user mail***
18:05:23.705 [TestNG-tests-2] INFO  testCases.TC_001_userInfo - ***validating user mail and username***
18:05:26.741 [TestNG-tests-1] INFO  testCases.TC_001_userInfo - ***Test case 1 is ended***
18:05:27.120 [TestNG-tests-1] INFO  testCases.TC_001_userInfo - **Test case 2 is started***
18:05:28.779 [TestNG-tests-2] INFO  testCases.TC_001_userInfo - ***Test case 1 is ended***
18:05:29.251 [TestNG-tests-2] INFO  testCases.TC_001_userInfo - **Test case 2 is started***
18:05:32.811 [TestNG-tests-1] INFO  testCases.TC_001_userInfo - **validating around cognizant section***
18:05:34.927 [TestNG-tests-2] INFO  testCases.TC_001_userInfo - **validating around cognizant section***
18:05:42.849 [TestNG-tests-1] INFO  testCases.TC_001_userInfo - **printing all the news available in the news around cognizant section***
18:05:42.963 [TestNG-tests-1] INFO  testCases.TC_001_userInfo - **validating header and tool tip of news around cognizant section***
18:05:44.951 [TestNG-tests-2] INFO  testCases.TC_001_userInfo - **printing all the news available in the news around cognizant section***
18:05:45.034 [TestNG-tests-2] INFO  testCases.TC_001_userInfo - **validating header and tool tip of news around cognizant section***
18:05:47.969 [TestNG-tests-1] INFO  testCases.TC_001_userInfo - **test case 2 ended***
18:05:48.109 [TestNG-tests-1] INFO  testCases.TC_001_userInfo - *** test case 3 is started
18:05:50.045 [TestNG-tests-2] INFO  testCases.TC_001_userInfo - **test case 2 ended***
18:05:50.166 [TestNG-tests-2] INFO  testCases.TC_001_userInfo - *** test case 3 is started
18:06:08.333 [TestNG-tests-1] INFO  testCases.TC_001_userInfo - ***printing all the news headers from news section***
18:06:08.414 [TestNG-tests-1] INFO  testCases.TC_001_userInfo - ***validating header of news section and tool tip of the every news***
18:06:10.531 [TestNG-tests-2] INFO  testCases.TC_001_userInfo - ***printing all the news headers from news section***
18:06:10.634 [TestNG-tests-2] INFO  testCases.TC_001_userInfo - ***validating header of news section and tool tip of the every news***
18:06:13.420 [TestNG-tests-1] INFO  testCases.TC_001_userInfo - *** test case 3 is ended
18:06:13.537 [TestNG-tests-1] INFO  testCases.TC_001_userInfo - ***Test case 4 is started***
18:06:15.649 [TestNG-tests-2] INFO  testCases.TC_001_userInfo - *** test case 3 is ended
18:06:15.775 [TestNG-tests-2] INFO  testCases.TC_001_userInfo - ***Test case 4 is started***
18:06:18.576 [TestNG-tests-1] INFO  testCases.TC_001_userInfo - ***opening a new tab***
18:06:18.649 [TestNG-tests-1] INFO  testCases.TC_001_userInfo - ***switching to new tab***
18:06:18.662 [TestNG-tests-1] INFO  testCases.TC_001_userInfo - ***navigating to new URL***
18:06:20.809 [TestNG-tests-2] INFO  testCases.TC_001_userInfo - ***opening a new tab***
18:06:20.905 [TestNG-tests-2] INFO  testCases.TC_001_userInfo - ***switching to new tab***
18:06:20.927 [TestNG-tests-2] INFO  testCases.TC_001_userInfo - ***navigating to new URL***
18:06:52.518 [TestNG-tests-2] INFO  testCases.TC_001_userInfo - ***Printing the description of the top five news ***
18:06:55.001 [TestNG-tests-1] INFO  testCases.TC_001_userInfo - ***Printing the description of the top five news ***
18:07:22.677 [TestNG-tests-2] INFO  testCases.TC_001_userInfo - ***opening a new tab***
18:07:22.738 [TestNG-tests-2] INFO  testCases.TC_001_userInfo - ***switching to new tab***
18:07:22.756 [TestNG-tests-2] INFO  testCases.TC_001_userInfo - ***navigating to new URL***
18:07:25.179 [TestNG-tests-1] INFO  testCases.TC_001_userInfo - ***opening a new tab***
